<?xml version="1.0" encoding="UTF-8"?>
<testng-results skipped="0" failed="0" total="2" passed="2">
  <reporter-output>
  </reporter-output>
  <suite name="Default suite" duration-ms="17746" started-at="2018-10-05T23:14:03Z" finished-at="2018-10-05T23:14:21Z">
    <groups>
      <group name="cucumber">
        <method signature="AbstractTestNGCucumberTests.feature(cucumber.api.testng.CucumberFeatureWrapper)[pri:0, instance:cucumberclasses.NGCucumberRunner@28d25987]" name="feature" class="cucumber.api.testng.AbstractTestNGCucumberTests"/>
      </group> <!-- cucumber -->
    </groups>
    <test name="Default test" duration-ms="17746" started-at="2018-10-05T23:14:03Z" finished-at="2018-10-05T23:14:21Z">
      <class name="cucumberclasses.NGCucumberRunner">
        <test-method status="PASS" signature="setUpClass()[pri:0, instance:cucumberclasses.NGCucumberRunner@28d25987]" name="setUpClass" is-config="true" duration-ms="172" started-at="2018-10-05T19:14:03Z" finished-at="2018-10-05T19:14:03Z">
          <reporter-output>
          </reporter-output>
        </test-method> <!-- setUpClass -->
        <test-method status="PASS" signature="feature(cucumber.api.testng.CucumberFeatureWrapper)[pri:0, instance:cucumberclasses.NGCucumberRunner@28d25987]" name="feature" duration-ms="8042" started-at="2018-10-05T19:14:03Z" description="Runs Cucumber Feature" data-provider="features" finished-at="2018-10-05T19:14:11Z">
          <params>
            <param index="0">
              <value>
                <![CDATA[Add Trainer menu can open]]>
              </value>
            </param>
          </params>
          <reporter-output>
          </reporter-output>
        </test-method> <!-- feature -->
        <test-method status="PASS" signature="feature(cucumber.api.testng.CucumberFeatureWrapper)[pri:0, instance:cucumberclasses.NGCucumberRunner@28d25987]" name="feature" duration-ms="9446" started-at="2018-10-05T19:14:11Z" description="Runs Cucumber Feature" data-provider="features" finished-at="2018-10-05T19:14:21Z">
          <params>
            <param index="0">
              <value>
                <![CDATA[Opening the Trainers page works]]>
              </value>
            </param>
          </params>
          <reporter-output>
          </reporter-output>
        </test-method> <!-- feature -->
        <test-method status="PASS" signature="tearDownClass()[pri:0, instance:cucumberclasses.NGCucumberRunner@28d25987]" name="tearDownClass" is-config="true" duration-ms="7" started-at="2018-10-05T19:14:21Z" finished-at="2018-10-05T19:14:21Z">
          <reporter-output>
          </reporter-output>
        </test-method> <!-- tearDownClass -->
      </class> <!-- cucumberclasses.NGCucumberRunner -->
    </test> <!-- Default test -->
  </suite> <!-- Default suite -->
</testng-results>
