<?xml version="1.0" encoding="UTF-8"?>
<testng-results skipped="0" failed="0" total="2" passed="2">
  <reporter-output>
  </reporter-output>
  <suite name="Default suite" duration-ms="20963" started-at="2018-10-09T14:52:54Z" finished-at="2018-10-09T14:53:15Z">
    <groups>
      <group name="cucumber">
        <method signature="AbstractTestNGCucumberTests.feature(cucumber.api.testng.CucumberFeatureWrapper)[pri:0, instance:cucumberclasses.NGCucumberRunner@28d25987]" name="feature" class="cucumber.api.testng.AbstractTestNGCucumberTests"/>
      </group> <!-- cucumber -->
    </groups>
    <test name="Default test" duration-ms="20963" started-at="2018-10-09T14:52:54Z" finished-at="2018-10-09T14:53:15Z">
      <class name="cucumberclasses.NGCucumberRunner">
        <test-method status="PASS" signature="setUpClass()[pri:0, instance:cucumberclasses.NGCucumberRunner@28d25987]" name="setUpClass" is-config="true" duration-ms="207" started-at="2018-10-09T10:52:54Z" finished-at="2018-10-09T10:52:55Z">
          <reporter-output>
          </reporter-output>
        </test-method> <!-- setUpClass -->
        <test-method status="PASS" signature="feature(cucumber.api.testng.CucumberFeatureWrapper)[pri:0, instance:cucumberclasses.NGCucumberRunner@28d25987]" name="feature" duration-ms="10470" started-at="2018-10-09T10:52:55Z" description="Runs Cucumber Feature" data-provider="features" finished-at="2018-10-09T10:53:05Z">
          <params>
            <param index="0">
              <value>
                <![CDATA[The Add Trainer menu can close by clicking the Close button.]]>
              </value>
            </param>
          </params>
          <reporter-output>
          </reporter-output>
        </test-method> <!-- feature -->
        <test-method status="PASS" signature="feature(cucumber.api.testng.CucumberFeatureWrapper)[pri:0, instance:cucumberclasses.NGCucumberRunner@28d25987]" name="feature" duration-ms="10211" started-at="2018-10-09T10:53:05Z" description="Runs Cucumber Feature" data-provider="features" finished-at="2018-10-09T10:53:15Z">
          <params>
            <param index="0">
              <value>
                <![CDATA[The Add Trainer menu can close by clicking the gray x on the top right.]]>
              </value>
            </param>
          </params>
          <reporter-output>
          </reporter-output>
        </test-method> <!-- feature -->
        <test-method status="PASS" signature="tearDownClass()[pri:0, instance:cucumberclasses.NGCucumberRunner@28d25987]" name="tearDownClass" is-config="true" duration-ms="1" started-at="2018-10-09T10:53:15Z" finished-at="2018-10-09T10:53:15Z">
          <reporter-output>
          </reporter-output>
        </test-method> <!-- tearDownClass -->
      </class> <!-- cucumberclasses.NGCucumberRunner -->
    </test> <!-- Default test -->
  </suite> <!-- Default suite -->
</testng-results>
